<?xml version="1.0" encoding="UTF-8"?>
<testng-results ignored="0" total="1" passed="1" failed="0" skipped="0">
  <reporter-output>
  </reporter-output>
  <suite started-at="2024-04-20T13:09:25 IST" name="Default suite" finished-at="2024-04-20T13:09:37 IST" duration-ms="11444">
    <groups>
    </groups>
    <test started-at="2024-04-20T13:09:25 IST" name="Default test" finished-at="2024-04-20T13:09:37 IST" duration-ms="11444">
      <class name="loginTest">
        <test-method signature="login()[pri:0, instance:loginTest@5158b42f]" started-at="2024-04-20T13:09:25 IST" name="login" finished-at="2024-04-20T13:09:37 IST" duration-ms="11362" status="PASS">
          <reporter-output>
          </reporter-output>
        </test-method> <!-- login -->
      </class> <!-- loginTest -->
    </test> <!-- Default test -->
  </suite> <!-- Default suite -->
</testng-results>
